This is pdfTeX, Version 3.14159265-2.6-1.40.21 (TeX Live 2020) (preloaded format=pdflatex 2020.6.19)  12 AUG 2021 17:11
entering extended mode
 restricted \write18 enabled.
 %&-line parsing enabled.
**thesis.tex
(./thesis.tex
LaTeX2e <2020-02-02> patch level 5
L3 programming layer <2020-06-18> (./uomthesis.cls
Document Class: uomthesis 26/02/2015 The University of Melbourne BioSciences th
esis LaTeX class
(/usr/local/texlive/2020/texmf-dist/tex/latex/base/ifthen.sty
Package: ifthen 2014/09/29 v1.1c Standard LaTeX ifthen package (DPC)
)
(/usr/local/texlive/2020/texmf-dist/tex/latex/base/book.cls
Document Class: book 2019/12/20 v1.4l Standard LaTeX document class
(/usr/local/texlive/2020/texmf-dist/tex/latex/base/bk12.clo
File: bk12.clo 2019/12/20 v1.4l Standard LaTeX file (size option)
)
\c@part=\count167
\c@chapter=\count168
\c@section=\count169
\c@subsection=\count170
\c@subsubsection=\count171
\c@paragraph=\count172
\c@subparagraph=\count173
\c@figure=\count174
\c@table=\count175
\abovecaptionskip=\skip47
\belowcaptionskip=\skip48
\bibindent=\dimen134
)
(/usr/local/texlive/2020/texmf-dist/tex/latex/geometry/geometry.sty
Package: geometry 2020/01/02 v5.9 Page Geometry

(/usr/local/texlive/2020/texmf-dist/tex/latex/graphics/keyval.sty
Package: keyval 2014/10/28 v1.15 key=value parser (DPC)
\KV@toks@=\toks15
)
(/usr/local/texlive/2020/texmf-dist/tex/generic/iftex/ifvtex.sty
Package: ifvtex 2019/10/25 v1.7 ifvtex legacy package. Use iftex instead.

(/usr/local/texlive/2020/texmf-dist/tex/generic/iftex/iftex.sty
Package: iftex 2020/03/06 v1.0d TeX engine tests
))
\Gm@cnth=\count176
\Gm@cntv=\count177
\c@Gm@tempcnt=\count178
\Gm@bindingoffset=\dimen135
\Gm@wd@mp=\dimen136
\Gm@odd@mp=\dimen137
\Gm@even@mp=\dimen138
\Gm@layoutwidth=\dimen139
\Gm@layoutheight=\dimen140
\Gm@layouthoffset=\dimen141
\Gm@layoutvoffset=\dimen142
\Gm@dimlist=\toks16
)
(/usr/local/texlive/2020/texmf-dist/tex/latex/fancyhdr/fancyhdr.sty
Package: fancyhdr 2019/01/31 v3.10 Extensive control of page headers and footer
s
\f@nch@headwidth=\skip49
\f@nch@O@elh=\skip50
\f@nch@O@erh=\skip51
\f@nch@O@olh=\skip52
\f@nch@O@orh=\skip53
\f@nch@O@elf=\skip54
\f@nch@O@erf=\skip55
\f@nch@O@olf=\skip56
\f@nch@O@orf=\skip57
)
(/usr/local/texlive/2020/texmf-dist/tex/latex/tools/xspace.sty
Package: xspace 2014/10/28 v1.13 Space after command names (DPC,MH)
)
(/usr/local/texlive/2020/texmf-dist/tex/latex/listings/listings.sty
\lst@mode=\count179
\lst@gtempboxa=\box45
\lst@token=\toks17
\lst@length=\count180
\lst@currlwidth=\dimen143
\lst@column=\count181
\lst@pos=\count182
\lst@lostspace=\dimen144
\lst@width=\dimen145
\lst@newlines=\count183
\lst@lineno=\count184
\lst@maxwidth=\dimen146

(/usr/local/texlive/2020/texmf-dist/tex/latex/listings/lstmisc.sty
File: lstmisc.sty 2020/03/24 1.8d (Carsten Heinz)
\c@lstnumber=\count185
\lst@skipnumbers=\count186
\lst@framebox=\box46
)
(/usr/local/texlive/2020/texmf-dist/tex/latex/listings/listings.cfg
File: listings.cfg 2020/03/24 1.8d listings configuration
))
Package: listings 2020/03/24 1.8d (Carsten Heinz)

(/usr/local/texlive/2020/texmf-dist/tex/latex/xcolor/xcolor.sty
Package: xcolor 2016/05/11 v2.12 LaTeX color extensions (UK)

(/usr/local/texlive/2020/texmf-dist/tex/latex/graphics-cfg/color.cfg
File: color.cfg 2016/01/02 v1.6 sample color configuration
)
Package xcolor Info: Package option `usenames' ignored on input line 216.
Package xcolor Info: Driver file: pdftex.def on input line 225.

(/usr/local/texlive/2020/texmf-dist/tex/latex/graphics-def/pdftex.def
File: pdftex.def 2018/01/08 v1.0l Graphics/color driver for pdftex
)
Package xcolor Info: Model `cmy' substituted by `cmy0' on input line 1348.
Package xcolor Info: Model `hsb' substituted by `rgb' on input line 1352.
Package xcolor Info: Model `RGB' extended on input line 1364.
Package xcolor Info: Model `HTML' substituted by `rgb' on input line 1366.
Package xcolor Info: Model `Hsb' substituted by `hsb' on input line 1367.
Package xcolor Info: Model `tHsb' substituted by `hsb' on input line 1368.
Package xcolor Info: Model `HSB' substituted by `hsb' on input line 1369.
Package xcolor Info: Model `Gray' substituted by `gray' on input line 1370.
Package xcolor Info: Model `wave' substituted by `hsb' on input line 1371.

(/usr/local/texlive/2020/texmf-dist/tex/latex/graphics/dvipsnam.def
File: dvipsnam.def 2016/06/17 v3.0m Driver-dependent file (DPC,SPQR)
)
(/usr/local/texlive/2020/texmf-dist/tex/latex/xcolor/svgnam.def
File: svgnam.def 2016/05/11 v2.12 Predefined colors according to SVG 1.1 (UK)
))
(/usr/local/texlive/2020/texmf-dist/tex/latex/listings/lstlang1.sty
File: lstlang1.sty 2020/03/24 1.8d listings language file
)
(/usr/local/texlive/2020/texmf-dist/tex/latex/listings/lstlang2.sty
File: lstlang2.sty 2020/03/24 1.8d listings language file
)
(/usr/local/texlive/2020/texmf-dist/tex/latex/listings/lstlang3.sty
File: lstlang3.sty 2020/03/24 1.8d listings language file
)
(/usr/local/texlive/2020/texmf-dist/tex/latex/quotchap/quotchap.sty
Package: quotchap 2019/07/09 v1.2 Decorative Chapter Headings with Quotes
\@quotebox=\box47
)
(/usr/local/texlive/2020/texmf-dist/tex/latex/natbib/natbib.sty
Package: natbib 2010/09/13 8.31b (PWD, AO)
\bibhang=\skip58
\bibsep=\skip59
LaTeX Info: Redefining \cite on input line 694.
\c@NAT@ctr=\count187
)
(/usr/local/texlive/2020/texmf-dist/tex/latex/tocbibind/tocbibind.sty
Package: tocbibind 2010/10/13 v1.5k extra ToC listings
Package tocbibind Info: The document has chapter divisions on input line 50.


Package tocbibind Note: Using chapter style headings, unless overridden.

) (/usr/local/texlive/2020/texmf-dist/tex/latex/graphics/graphicx.sty
Package: graphicx 2019/11/30 v1.2a Enhanced LaTeX Graphics (DPC,SPQR)

(/usr/local/texlive/2020/texmf-dist/tex/latex/graphics/graphics.sty
Package: graphics 2019/11/30 v1.4a Standard LaTeX Graphics (DPC,SPQR)

(/usr/local/texlive/2020/texmf-dist/tex/latex/graphics/trig.sty
Package: trig 2016/01/03 v1.10 sin cos tan (DPC)
)
(/usr/local/texlive/2020/texmf-dist/tex/latex/graphics-cfg/graphics.cfg
File: graphics.cfg 2016/06/04 v1.11 sample graphics configuration
)
Package graphics Info: Driver file: pdftex.def on input line 105.
)
\Gin@req@height=\dimen147
\Gin@req@width=\dimen148
)
(/usr/local/texlive/2020/texmf-dist/tex/latex/amsmath/amsmath.sty
Package: amsmath 2020/01/20 v2.17e AMS math features
\@mathmargin=\skip60

For additional information on amsmath, use the `?' option.
(/usr/local/texlive/2020/texmf-dist/tex/latex/amsmath/amstext.sty
Package: amstext 2000/06/29 v2.01 AMS text

(/usr/local/texlive/2020/texmf-dist/tex/latex/amsmath/amsgen.sty
File: amsgen.sty 1999/11/30 v2.0 generic functions
\@emptytoks=\toks18
\ex@=\dimen149
))
(/usr/local/texlive/2020/texmf-dist/tex/latex/amsmath/amsbsy.sty
Package: amsbsy 1999/11/29 v1.2d Bold Symbols
\pmbraise@=\dimen150
)
(/usr/local/texlive/2020/texmf-dist/tex/latex/amsmath/amsopn.sty
Package: amsopn 2016/03/08 v2.02 operator names
)
\inf@bad=\count188
LaTeX Info: Redefining \frac on input line 227.
\uproot@=\count189
\leftroot@=\count190
LaTeX Info: Redefining \overline on input line 389.
\classnum@=\count191
\DOTSCASE@=\count192
LaTeX Info: Redefining \ldots on input line 486.
LaTeX Info: Redefining \dots on input line 489.
LaTeX Info: Redefining \cdots on input line 610.
\Mathstrutbox@=\box48
\strutbox@=\box49
\big@size=\dimen151
LaTeX Font Info:    Redeclaring font encoding OML on input line 733.
LaTeX Font Info:    Redeclaring font encoding OMS on input line 734.
\macc@depth=\count193
\c@MaxMatrixCols=\count194
\dotsspace@=\muskip16
\c@parentequation=\count195
\dspbrk@lvl=\count196
\tag@help=\toks19
\row@=\count197
\column@=\count198
\maxfields@=\count199
\andhelp@=\toks20
\eqnshift@=\dimen152
\alignsep@=\dimen153
\tagshift@=\dimen154
\tagwidth@=\dimen155
\totwidth@=\dimen156
\lineht@=\dimen157
\@envbody=\toks21
\multlinegap=\skip61
\multlinetaggap=\skip62
\mathdisplay@stack=\toks22
LaTeX Info: Redefining \[ on input line 2859.
LaTeX Info: Redefining \] on input line 2860.
)
(/usr/local/texlive/2020/texmf-dist/tex/latex/amsfonts/amsfonts.sty
Package: amsfonts 2013/01/14 v3.01 Basic AMSFonts support
\symAMSa=\mathgroup4
\symAMSb=\mathgroup5
LaTeX Font Info:    Redeclaring math symbol \hbar on input line 98.
LaTeX Font Info:    Overwriting math alphabet `\mathfrak' in version `bold'
(Font)                  U/euf/m/n --> U/euf/b/n on input line 106.
)
(/usr/local/texlive/2020/texmf-dist/tex/latex/amsfonts/amssymb.sty
Package: amssymb 2013/01/14 v3.01 AMS font symbols
)
(/usr/local/texlive/2020/texmf-dist/tex/latex/setspace/setspace.sty
Package: setspace 2011/12/19 v6.7a set line spacing
)
(/usr/local/texlive/2020/texmf-dist/tex/latex/caption/caption.sty
Package: caption 2020/09/12 v3.5b Customizing captions (AR)

(/usr/local/texlive/2020/texmf-dist/tex/latex/caption/caption3.sty
Package: caption3 2020/09/17 v2.1b caption3 kernel (AR)
\captionmargin=\dimen158
\captionmargin@=\dimen159
\captionwidth=\dimen160
\caption@tempdima=\dimen161
\caption@indent=\dimen162
\caption@parindent=\dimen163
\caption@hangindent=\dimen164
Package caption Info: Standard document class detected.
)
\c@caption@flags=\count266
\c@continuedfloat=\count267
Package caption Info: listings package is loaded.
)
(/usr/local/texlive/2020/texmf-dist/tex/latex/tools/tabularx.sty
Package: tabularx 2020/01/15 v2.11c `tabularx' package (DPC)

(/usr/local/texlive/2020/texmf-dist/tex/latex/tools/array.sty
Package: array 2019/08/31 v2.4l Tabular extension package (FMi)
\col@sep=\dimen165
\ar@mcellbox=\box50
\extrarowheight=\dimen166
\NC@list=\toks23
\extratabsurround=\skip63
\backup@length=\skip64
\ar@cellbox=\box51
)
\TX@col@width=\dimen167
\TX@old@table=\dimen168
\TX@old@col=\dimen169
\TX@target=\dimen170
\TX@delta=\dimen171
\TX@cols=\count268
\TX@ftn=\toks24
)
(/usr/local/texlive/2020/texmf-dist/tex/latex/booktabs/booktabs.sty
Package: booktabs 2020/01/12 v1.61803398 Publication quality tables
\heavyrulewidth=\dimen172
\lightrulewidth=\dimen173
\cmidrulewidth=\dimen174
\belowrulesep=\dimen175
\belowbottomsep=\dimen176
\aboverulesep=\dimen177
\abovetopsep=\dimen178
\cmidrulesep=\dimen179
\cmidrulekern=\dimen180
\defaultaddspace=\dimen181
\@cmidla=\count269
\@cmidlb=\count270
\@aboverulesep=\dimen182
\@belowrulesep=\dimen183
\@thisruleclass=\count271
\@lastruleclass=\count272
\@thisrulewidth=\dimen184
)
(/usr/local/texlive/2020/texmf-dist/tex/latex/multirow/multirow.sty
Package: multirow 2019/05/31 v2.5 Span multiple rows of a table
\multirow@colwidth=\skip65
\multirow@cntb=\count273
\multirow@dima=\skip66
\bigstrutjot=\dimen185
)
(/usr/local/texlive/2020/texmf-dist/tex/latex/tools/longtable.sty
Package: longtable 2020/01/07 v4.13 Multi-page Table package (DPC)
\LTleft=\skip67
\LTright=\skip68
\LTpre=\skip69
\LTpost=\skip70
\LTchunksize=\count274
\LTcapwidth=\dimen186
\LT@head=\box52
\LT@firsthead=\box53
\LT@foot=\box54
\LT@lastfoot=\box55
\LT@cols=\count275
\LT@rows=\count276
\c@LT@tables=\count277
\c@LT@chunks=\count278
\LT@p@ftn=\toks25
)
(/usr/local/texlive/2020/texmf-dist/tex/latex/cleveref/cleveref.sty
Package: cleveref 2018/03/27 v0.21.4 Intelligent cross-referencing
Package cleveref Info: `listings' support loaded on input line 3131.
)
(/usr/local/texlive/2020/texmf-dist/tex/latex/wrapfig/wrapfig.sty
\wrapoverhang=\dimen187
\WF@size=\dimen188
\c@WF@wrappedlines=\count279
\WF@box=\box56
\WF@everypar=\toks26
Package: wrapfig 2003/01/31  v 3.6
)
(/usr/local/texlive/2020/texmf-dist/tex/latex/base/flafter.sty
Package: flafter 2018/11/28 v1.4d Standard LaTeX floats after reference (FMi)
Applying: [2015/01/01] float order in 2-column on input line 49.
Already applied: [0000/00/00] float order in 2-column on input line 151.
)
(/usr/local/texlive/2020/texmf-dist/tex/latex/placeins/placeins.sty
Package: placeins 2005/04/18  v 2.2
)
(/usr/local/texlive/2020/texmf-dist/tex/latex/stackengine/stackengine.sty
Package: stackengine 2017/02/13 v4.01\ Stacking text and objects in convenient 
ways

(/usr/local/texlive/2020/texmf-dist/tex/latex/etoolbox/etoolbox.sty
Package: etoolbox 2020/08/24 v2.5j e-TeX tools for LaTeX (JAW)
\etb@tempcnta=\count280
)
(/usr/local/texlive/2020/texmf-dist/tex/generic/listofitems/listofitems.sty
(/usr/local/texlive/2020/texmf-dist/tex/generic/listofitems/listofitems.tex
\loi_cnt_foreach_nest=\count281
\loi_nestcnt=\count282
)
Package: listofitems 2019/08/21 v1.63 Grab items in lists using user-specified 
sep char (CT)
)
(/usr/local/texlive/2020/texmf-dist/tex/latex/tools/calc.sty
Package: calc 2017/05/25 v4.3 Infix arithmetic (KKT,FJ)
\calc@Acount=\count283
\calc@Bcount=\count284
\calc@Adimen=\dimen189
\calc@Bdimen=\dimen190
\calc@Askip=\skip71
\calc@Bskip=\skip72
LaTeX Info: Redefining \setlength on input line 80.
LaTeX Info: Redefining \addtolength on input line 81.
\calc@Ccount=\count285
\calc@Cskip=\skip73
)
\c@@stackindex=\count286
\@boxshift=\skip74
\stack@tmplength=\skip75
\temp@stkl=\skip76
\@stackedboxwidth=\skip77
\@addedbox=\box57
\@anchorbox=\box58
\stackedbox=\box59
\@centerbox=\box60
\c@ROWcellindex@=\count287
)
(/usr/local/texlive/2020/texmf-dist/tex/latex/float/float.sty
Package: float 2001/11/08 v1.3d Float enhancements (AL)
\c@float@type=\count288
\float@exts=\toks27
\float@box=\box61
\@float@everytoks=\toks28
\@floatcapt=\box62
))
(/usr/local/texlive/2020/texmf-dist/tex/latex/framed/framed.sty
Package: framed 2011/10/22 v 0.96: framed or shaded text with page breaks
\OuterFrameSep=\skip78
\fb@frw=\dimen191
\fb@frh=\dimen192
\FrameRule=\dimen193
\FrameSep=\dimen194
)
(/usr/local/texlive/2020/texmf-dist/tex/latex/base/alltt.sty
Package: alltt 1997/06/16 v2.0g defines alltt environment
)
(/usr/local/texlive/2020/texmf-dist/tex/latex/pdflscape/pdflscape.sty
Package: pdflscape 2019/12/05 v0.12 Display of landscape pages in PDF (HO)

(/usr/local/texlive/2020/texmf-dist/tex/latex/graphics/lscape.sty
Package: lscape 2000/10/22 v3.01 Landscape Pages (DPC)
)
Package pdflscape Info: Auto-detected driver: pdftex on input line 81.
)
(/usr/local/texlive/2020/texmf-dist/tex/latex/adjustbox/adjustbox.sty
Package: adjustbox 2020/08/19 v1.3 Adjusting TeX boxes (trim, clip, ...)

(/usr/local/texlive/2020/texmf-dist/tex/latex/xkeyval/xkeyval.sty
Package: xkeyval 2014/12/03 v2.7a package option processing (HA)

(/usr/local/texlive/2020/texmf-dist/tex/generic/xkeyval/xkeyval.tex
(/usr/local/texlive/2020/texmf-dist/tex/generic/xkeyval/xkvutils.tex
\XKV@toks=\toks29
\XKV@tempa@toks=\toks30
)
\XKV@depth=\count289
File: xkeyval.tex 2014/12/03 v2.7a key=value parser (HA)
))
(/usr/local/texlive/2020/texmf-dist/tex/latex/adjustbox/adjcalc.sty
Package: adjcalc 2012/05/16 v1.1 Provides advanced setlength with multiple back
-ends (calc, etex, pgfmath)
)
(/usr/local/texlive/2020/texmf-dist/tex/latex/adjustbox/trimclip.sty
Package: trimclip 2020/08/19 v1.2 Trim and clip general TeX material

(/usr/local/texlive/2020/texmf-dist/tex/latex/collectbox/collectbox.sty
Package: collectbox 2012/05/17 v0.4b Collect macro arguments as boxes
\collectedbox=\box63
)
\tc@llx=\dimen195
\tc@lly=\dimen196
\tc@urx=\dimen197
\tc@ury=\dimen198
Package trimclip Info: Using driver 'tc-pdftex.def'.

(/usr/local/texlive/2020/texmf-dist/tex/latex/adjustbox/tc-pdftex.def
File: tc-pdftex.def 2019/01/04 v2.2 Clipping driver for pdftex
))
\adjbox@Width=\dimen199
\adjbox@Height=\dimen256
\adjbox@Depth=\dimen257
\adjbox@Totalheight=\dimen258
\adjbox@pwidth=\dimen259
\adjbox@pheight=\dimen260
\adjbox@pdepth=\dimen261
\adjbox@ptotalheight=\dimen262

(/usr/local/texlive/2020/texmf-dist/tex/latex/ifoddpage/ifoddpage.sty
Package: ifoddpage 2016/04/23 v1.1 Conditionals for odd/even page detection
\c@checkoddpage=\count290
)
(/usr/local/texlive/2020/texmf-dist/tex/latex/varwidth/varwidth.sty
Package: varwidth 2009/03/30 ver 0.92;  Variable-width minipages
\@vwid@box=\box64
\sift@deathcycles=\count291
\@vwid@loff=\dimen263
\@vwid@roff=\dimen264
))
(/usr/local/texlive/2020/texmf-dist/tex/latex/tools/afterpage.sty
Package: afterpage 2014/10/28 v1.08 After-Page Package (DPC)
\AP@output=\toks31
\AP@partial=\box65
\AP@footins=\box66
)
(/usr/local/texlive/2020/texmf-dist/tex/latex/makecell/makecell.sty
Package: makecell 2009/08/03 V0.1e Managing of Tab Column Heads and Cells
\rotheadsize=\dimen265
\c@nlinenum=\count292
\TeXr@lab=\toks32
)
(/usr/local/texlive/2020/texmf-dist/tex/latex/pdfpages/pdfpages.sty
Package: pdfpages 2020/01/28 v0.5q Insert pages of external PDF documents (AM)

(/usr/local/texlive/2020/texmf-dist/tex/latex/eso-pic/eso-pic.sty
Package: eso-pic 2018/04/12 v2.0h eso-pic (RN)

(/usr/local/texlive/2020/texmf-dist/tex/generic/atbegshi/atbegshi.sty
Package: atbegshi 2019/12/05 v1.19 At begin shipout hook (HO)

(/usr/local/texlive/2020/texmf-dist/tex/generic/infwarerr/infwarerr.sty
Package: infwarerr 2019/12/03 v1.5 Providing info/warning/error messages (HO)
)
(/usr/local/texlive/2020/texmf-dist/tex/generic/ltxcmds/ltxcmds.sty
Package: ltxcmds 2019/12/15 v1.24 LaTeX kernel commands for general use (HO)
)))
\AM@pagewidth=\dimen266
\AM@pageheight=\dimen267

(/usr/local/texlive/2020/texmf-dist/tex/latex/pdfpages/pppdftex.def
File: pppdftex.def 2020/01/28 v0.5q Pdfpages driver for pdfTeX (AM)
)
\AM@pagebox=\box67
\AM@global@opts=\toks33
\AM@pagecnt=\count293
\AM@toc@title=\toks34
\c@AM@survey=\count294
\AM@templatesizebox=\box68
)
(/usr/local/texlive/2020/texmf-dist/tex/latex/caption/subcaption.sty
Package: subcaption 2020/08/23 v1.3g Sub-captions (AR)
\c@subfigure=\count295
\c@subtable=\count296
)
(/usr/local/texlive/2020/texmf-dist/tex/latex/enumitem/enumitem.sty
Package: enumitem 2019/06/20 v3.9 Customized lists
\labelindent=\skip79
\enit@outerparindent=\dimen268
\enit@toks=\toks35
\enit@inbox=\box69
\enit@count@id=\count297
\enitdp@description=\count298
)
(/usr/local/texlive/2020/texmf-dist/tex/latex/upquote/upquote.sty
Package: upquote 2012/04/19 v1.3 upright-quote and grave-accent glyphs in verba
tim
)
(/usr/local/texlive/2020/texmf-dist/tex/latex/l3backend/l3backend-pdfmode.def
File: l3backend-pdfmode.def 2020-06-29 L3 backend support: PDF mode
\l__kernel_color_stack_int=\count299
\l__pdf_internal_box=\box70
)
(./thesis.aux)
\openout1 = `thesis.aux'.

LaTeX Font Info:    Checking defaults for OML/cmm/m/it on input line 118.
LaTeX Font Info:    ... okay on input line 118.
LaTeX Font Info:    Checking defaults for OMS/cmsy/m/n on input line 118.
LaTeX Font Info:    ... okay on input line 118.
LaTeX Font Info:    Checking defaults for OT1/cmr/m/n on input line 118.
LaTeX Font Info:    ... okay on input line 118.
LaTeX Font Info:    Checking defaults for T1/cmr/m/n on input line 118.
LaTeX Font Info:    ... okay on input line 118.
LaTeX Font Info:    Checking defaults for TS1/cmr/m/n on input line 118.
LaTeX Font Info:    ... okay on input line 118.
LaTeX Font Info:    Checking defaults for OMX/cmex/m/n on input line 118.
LaTeX Font Info:    ... okay on input line 118.
LaTeX Font Info:    Checking defaults for U/cmr/m/n on input line 118.
LaTeX Font Info:    ... okay on input line 118.

*geometry* driver: auto-detecting
*geometry* detected driver: pdftex
*geometry* verbose mode - [ preamble ] result:
* driver: pdftex
* paper: <default>
* layout: <same size as paper>
* layoutoffset:(h,v)=(0.0pt,0.0pt)
* bindingoffset: 17.07164pt
* modes: twoside 
* h-part:(L,W,R)=(69.65305pt, 436.80586pt, 73.97733pt)
* v-part:(T,H,B)=(101.40665pt, 644.05556pt, 99.58464pt)
* \paperwidth=597.50787pt
* \paperheight=845.04684pt
* \textwidth=436.80586pt
* \textheight=644.05556pt
* \oddsidemargin=14.4547pt
* \evensidemargin=1.70734pt
* \topmargin=-11.77089pt
* \headheight=14.5pt
* \headsep=28.90755pt
* \topskip=12.0pt
* \footskip=30.0pt
* \marginparwidth=88.0pt
* \marginparsep=7.0pt
* \columnsep=10.0pt
* \skip\footins=10.8pt plus 4.0pt minus 2.0pt
* \hoffset=0.0pt
* \voffset=0.0pt
* \mag=1000
* \@twocolumnfalse
* \@twosidetrue
* \@mparswitchtrue
* \@reversemarginfalse
* (1in=72.27pt=25.4mm, 1cm=28.453pt)

(/usr/local/texlive/2020/texmf-dist/tex/latex/base/textcomp.sty
Package: textcomp 2020/02/02 v2.0n Standard LaTeX package
)
\c@lstlisting=\count300

(/usr/local/texlive/2020/texmf-dist/tex/context/base/mkii/supp-pdf.mkii
[Loading MPS to PDF converter (version 2006.09.02).]
\scratchcounter=\count301
\scratchdimen=\dimen269
\scratchbox=\box71
\nofMPsegments=\count302
\nofMParguments=\count303
\everyMPshowfont=\toks36
\MPscratchCnt=\count304
\MPscratchDim=\dimen270
\MPnumerator=\count305
\makeMPintoPDFobject=\count306
\everyMPtoPDFconversion=\toks37
) (/usr/local/texlive/2020/texmf-dist/tex/latex/epstopdf-pkg/epstopdf-base.sty
Package: epstopdf-base 2020-01-24 v2.11 Base part for package epstopdf
Package epstopdf-base Info: Redefining graphics rule for `.eps' on input line 4
85.

(/usr/local/texlive/2020/texmf-dist/tex/latex/latexconfig/epstopdf-sys.cfg
File: epstopdf-sys.cfg 2010/07/13 v1.3 Configuration of (r)epstopdf for TeX Liv
e
))
Package caption Info: Begin \AtBeginDocument code.
Package caption Info: float package is loaded.
Package caption Info: longtable package is loaded.

(/usr/local/texlive/2020/texmf-dist/tex/latex/caption/ltcaption.sty
Package: ltcaption 2020/05/30 v1.4b longtable captions (AR)
)
Package caption Info: wrapfig package is loaded.
Package caption Info: End \AtBeginDocument code.
\AtBeginShipoutBox=\box72
 [1


{/usr/local/texlive/2020/texmf-var/fonts/map/pdftex/updmap/pdftex.map}] [2]
LaTeX Font Info:    Trying to load font information for T1+ptm on input line 13
0.

(/usr/local/texlive/2020/texmf-dist/tex/latex/psnfss/t1ptm.fd
File: t1ptm.fd 2001/06/04 font definitions for T1/ptm.
)
(/usr/local/texlive/2020/texmf-dist/tex/latex/base/bk11.clo
File: bk11.clo 2019/12/20 v1.4l Standard LaTeX file (size option)
LaTeX Info: The control sequence `\normalsize' is already robust on input line 
56.
LaTeX Info: Redefining \small on input line 58.
LaTeX Info: Redefining \footnotesize on input line 69.
LaTeX Info: Redefining \scriptsize on input line 80.
LaTeX Info: Redefining \tiny on input line 81.
LaTeX Info: Redefining \large on input line 82.
LaTeX Info: Redefining \Large on input line 83.
LaTeX Info: Redefining \LARGE on input line 84.
LaTeX Info: Redefining \huge on input line 85.
LaTeX Info: Redefining \Huge on input line 86.
) [3



] [4]
Underfull \hbox (badness 10000) in paragraph at lines 164--165

 []

<signature.jpg, id=21, 345.29pt x 235.88126pt>
File: signature.jpg Graphic file (type jpg)
<use signature.jpg>
Package pdftex.def Info: signature.jpg  used on input line 167.
(pdftex.def)             Requested size: 69.05676pt x 47.17542pt.
[5



 <./signature.jpg>] [6


]
Underfull \vbox (badness 1902) has occurred while \output is active []

 [7

]
[8] [9



] [10] (./thesis.toc
LaTeX Font Info:    Trying to load font information for U+msa on input line 8.

(/usr/local/texlive/2020/texmf-dist/tex/latex/amsfonts/umsa.fd
File: umsa.fd 2013/01/14 v3.01 AMS symbols A
)
LaTeX Font Info:    Trying to load font information for U+msb on input line 8.

(/usr/local/texlive/2020/texmf-dist/tex/latex/amsfonts/umsb.fd
File: umsb.fd 2013/01/14 v3.01 AMS symbols B
) [11



] [12]
LaTeX Font Info:    Font shape `OT1/cmtt/bx/n' in size <12> not available
(Font)              Font shape `OT1/cmtt/m/n' tried instead on input line 91.
)
\tf@toc=\write3
\openout3 = `thesis.toc'.


[13] [14


] (./thesis.lof
Underfull \vbox (badness 10000) has occurred while \output is active []

 [15

]
Underfull \vbox (badness 10000) has occurred while \output is active []

 [16]
Underfull \vbox (badness 10000) has occurred while \output is active []

 [17]
Underfull \vbox (badness 10000) has occurred while \output is active []

 [18]
Overfull \hbox (6.70511pt too wide) in paragraph at lines 24--24
 \OT1/cmr/m/n/12 maps) and the SSP5 sce-nario (pro-jected us-ing GTAP INT and F
LUTES). 
 []

)
\tf@lof=\write4
\openout4 = `thesis.lof'.

 [19] [20


] (./thesis.lot)
\tf@lot=\write5
\openout5 = `thesis.lot'.

 [21

] [22


]
Chapter 1.
[1


]
Underfull \vbox (badness 1092) has occurred while \output is active []

 [2]
[3]
Underfull \vbox (badness 7814) has occurred while \output is active []

 [4]

LaTeX Warning: No positions in optional float specifier.
               Default added (so using `tbp') on input line 268.


Underfull \vbox (badness 10000) has occurred while \output is active []

 [5]
Underfull \vbox (badness 10000) has occurred while \output is active []

 [6]
Underfull \vbox (badness 10000) has occurred while \output is active []

 [7]
<chapters/figures/chapter1/fig_structure.pdf, id=111, 384.43625pt x 227.85126pt
>
File: chapters/figures/chapter1/fig_structure.pdf Graphic file (type pdf)
<use chapters/figures/chapter1/fig_structure.pdf>
Package pdftex.def Info: chapters/figures/chapter1/fig_structure.pdf  used on i
nput line 306.
(pdftex.def)             Requested size: 384.4353pt x 227.8507pt.

[8]
Underfull \vbox (badness 10000) has occurred while \output is active []

 [9 <./chapters/figures/chapter1/fig_structure.pdf>] [10]
Chapter 2.
[11

]
Underfull \vbox (badness 10000) has occurred while \output is active []



Package Fancyhdr Warning: \headheight is too small (14.5pt): 
Make it at least 27.05002pt.
We now make it that large for the rest of the document.
This may cause the page layout to be inconsistent, however.

[12] [13]
<chapters/figures/chapter2/fig1.pdf, id=151, 252.945pt x 210.7875pt>
File: chapters/figures/chapter2/fig1.pdf Graphic file (type pdf)
<use chapters/figures/chapter2/fig1.pdf>
Package pdftex.def Info: chapters/figures/chapter2/fig1.pdf  used on input line
 394.
(pdftex.def)             Requested size: 305.76276pt x 254.80922pt.
 [14 <./chapters/figures/chapter2/fig1.pdf>]
<chapters/figures/chapter2/fig2.pdf, id=183, 469.755pt x 255.95625pt>
File: chapters/figures/chapter2/fig2.pdf Graphic file (type pdf)
<use chapters/figures/chapter2/fig2.pdf>
Package pdftex.def Info: chapters/figures/chapter2/fig2.pdf  used on input line
 406.
(pdftex.def)             Requested size: 436.80586pt x 238.0017pt.
 [15] [16] [17 <./chapters/figures/chapter2/fig2.pdf>]
<chapters/figures/chapter2/fig3.pdf, id=210, 469.755pt x 313.17pt>
File: chapters/figures/chapter2/fig3.pdf Graphic file (type pdf)
<use chapters/figures/chapter2/fig3.pdf>
Package pdftex.def Info: chapters/figures/chapter2/fig3.pdf  used on input line
 420.
(pdftex.def)             Requested size: 436.80586pt x 291.20207pt.

Underfull \vbox (badness 2626) has occurred while \output is active []

 [18

 <./chapters/figures/chapter2/fig3.pdf>]
<chapters/figures/chapter2/fig4.pdf, id=253, 469.755pt x 285.065pt>
File: chapters/figures/chapter2/fig4.pdf Graphic file (type pdf)
<use chapters/figures/chapter2/fig4.pdf>
Package pdftex.def Info: chapters/figures/chapter2/fig4.pdf  used on input line
 433.
(pdftex.def)             Requested size: 436.80586pt x 265.06856pt.

Underfull \vbox (badness 2318) has occurred while \output is active []

 [19]
Underfull \vbox (badness 10000) has occurred while \output is active []

 [20 <./chapters/figures/chapter2/fig4.pdf>]
Underfull \vbox (badness 2119) has occurred while \output is active []

 [21]
Underfull \vbox (badness 7814) has occurred while \output is active []

 [22]
[23] [24] [25] [26] [27] [28

]
Chapter 3.
[29] [30] [31] [32]
Underfull \vbox (badness 2318) has occurred while \output is active []

 [33]
Underfull \vbox (badness 1881) has occurred while \output is active []

 [34]
<chapters/figures/chapter3/fig1.pdf, id=429, 541.02126pt x 241.90375pt>
File: chapters/figures/chapter3/fig1.pdf Graphic file (type pdf)
<use chapters/figures/chapter3/fig1.pdf>
Package pdftex.def Info: chapters/figures/chapter3/fig1.pdf  used on input line
 825.
(pdftex.def)             Requested size: 436.80586pt x 195.31346pt.

[35]
Underfull \vbox (badness 10000) has occurred while \output is active []

 [36 <./chapters/figures/chapter3/fig1.pdf>] [37]
(/usr/local/texlive/2020/texmf-dist/tex/latex/base/omlcmr.fd)

Package natbib Warning: Citation `center_for_international_earth_science_inform
ation_network_-_ciesin_-_columbia_global_2013' on page 38 undefined on input li
ne 1017.


Underfull \hbox (badness 10000) in alignment at lines 1017--1017
[][][][]
 []

[38] [39]
Overfull \hbox (2.6126pt too wide) in paragraph at lines 1072--1072
[]|\OT1/cmr/m/n/8 1996| 
 []


Overfull \hbox (2.6126pt too wide) in paragraph at lines 1072--1072
[]|\OT1/cmr/m/n/8 2001| 
 []


Overfull \hbox (2.6126pt too wide) in paragraph at lines 1072--1072
[]|\OT1/cmr/m/n/8 2006| 
 []


Overfull \hbox (2.6126pt too wide) in paragraph at lines 1072--1072
[]|\OT1/cmr/m/n/8 2011| 
 []


Overfull \hbox (2.6126pt too wide) in paragraph at lines 1072--1072
[]|\OT1/cmr/m/n/8 2016| 
 []


Overfull \hbox (2.6126pt too wide) in paragraph at lines 1072--1072
[]|\OT1/cmr/m/n/8 2018| 
 []


Overfull \hbox (5.44597pt too wide) in paragraph at lines 1072--1072
[]|\OT1/cmr/m/n/8 mean| 
 []


Overfull \hbox (0.72368pt too wide) in paragraph at lines 1072--1072
[]|$\OT1/cmr/m/n/8 1\OML/cmm/m/it/8 :\OT1/cmr/m/n/8 75$| 
 []


Overfull \hbox (0.72368pt too wide) in paragraph at lines 1072--1072
[]|$\OT1/cmr/m/n/8 1\OML/cmm/m/it/8 :\OT1/cmr/m/n/8 66$| 
 []


Overfull \hbox (0.72368pt too wide) in paragraph at lines 1072--1072
[]|$\OT1/cmr/m/n/8 4\OML/cmm/m/it/8 :\OT1/cmr/m/n/8 49$| 
 []


Overfull \hbox (0.72368pt too wide) in paragraph at lines 1072--1072
[]|$\OT1/cmr/m/n/8 0\OML/cmm/m/it/8 :\OT1/cmr/m/n/8 08$| 
 []


Overfull \hbox (0.72368pt too wide) in paragraph at lines 1072--1072
[]|$\OT1/cmr/m/n/8 0\OML/cmm/m/it/8 :\OT1/cmr/m/n/8 06$| 
 []


Overfull \hbox (0.72368pt too wide) in paragraph at lines 1072--1072
[]|$\OT1/cmr/m/n/8 0\OML/cmm/m/it/8 :\OT1/cmr/m/n/8 07$| 
 []


Overfull \hbox (0.72368pt too wide) in paragraph at lines 1072--1072
[]|$\OT1/cmr/m/n/8 1\OML/cmm/m/it/8 :\OT1/cmr/m/n/8 35$| 
 []


Overfull \hbox (0.72368pt too wide) in paragraph at lines 1072--1072
[]|$\OT1/cmr/m/n/8 2\OML/cmm/m/it/8 :\OT1/cmr/m/n/8 39$| 
 []


Overfull \hbox (0.72368pt too wide) in paragraph at lines 1072--1072
[]|$\OT1/cmr/m/n/8 2\OML/cmm/m/it/8 :\OT1/cmr/m/n/8 37$| 
 []


Overfull \hbox (0.72368pt too wide) in paragraph at lines 1072--1072
[]|$\OT1/cmr/m/n/8 7\OML/cmm/m/it/8 :\OT1/cmr/m/n/8 24$| 
 []


Overfull \hbox (0.72368pt too wide) in paragraph at lines 1072--1072
[]|$\OT1/cmr/m/n/8 0\OML/cmm/m/it/8 :\OT1/cmr/m/n/8 05$| 
 []


Overfull \hbox (0.72368pt too wide) in paragraph at lines 1072--1072
[]|$\OT1/cmr/m/n/8 0\OML/cmm/m/it/8 :\OT1/cmr/m/n/8 03$| 
 []


Overfull \hbox (0.72368pt too wide) in paragraph at lines 1072--1072
[]|$\OT1/cmr/m/n/8 0\OML/cmm/m/it/8 :\OT1/cmr/m/n/8 05$| 
 []


Overfull \hbox (0.72368pt too wide) in paragraph at lines 1072--1072
[]|$\OT1/cmr/m/n/8 2\OML/cmm/m/it/8 :\OT1/cmr/m/n/8 02$| 
 []


Overfull \hbox (0.72368pt too wide) in paragraph at lines 1072--1072
[]|$\OT1/cmr/m/n/8 0\OML/cmm/m/it/8 :\OT1/cmr/m/n/8 40$| 
 []


Overfull \hbox (0.72368pt too wide) in paragraph at lines 1072--1072
[]|$\OT1/cmr/m/n/8 0\OML/cmm/m/it/8 :\OT1/cmr/m/n/8 62$| 
 []


Overfull \hbox (0.72368pt too wide) in paragraph at lines 1072--1072
[]|$\OT1/cmr/m/n/8 0\OML/cmm/m/it/8 :\OT1/cmr/m/n/8 94$| 
 []


Overfull \hbox (0.72368pt too wide) in paragraph at lines 1072--1072
[]|$\OT1/cmr/m/n/8 0\OML/cmm/m/it/8 :\OT1/cmr/m/n/8 15$| 
 []


Overfull \hbox (0.72368pt too wide) in paragraph at lines 1072--1072
[]|$\OT1/cmr/m/n/8 0\OML/cmm/m/it/8 :\OT1/cmr/m/n/8 04$| 
 []


Overfull \hbox (0.72368pt too wide) in paragraph at lines 1072--1072
[]|$\OT1/cmr/m/n/8 0\OML/cmm/m/it/8 :\OT1/cmr/m/n/8 04$| 
 []


Overfull \hbox (0.72368pt too wide) in paragraph at lines 1072--1072
[]|$\OT1/cmr/m/n/8 0\OML/cmm/m/it/8 :\OT1/cmr/m/n/8 37$| 
 []


Overfull \hbox (0.72368pt too wide) in paragraph at lines 1072--1072
[]|$\OT1/cmr/m/n/8 0\OML/cmm/m/it/8 :\OT1/cmr/m/n/8 62$| 
 []


Overfull \hbox (0.72368pt too wide) in paragraph at lines 1072--1072
[]|$\OT1/cmr/m/n/8 0\OML/cmm/m/it/8 :\OT1/cmr/m/n/8 90$| 
 []


Overfull \hbox (0.72368pt too wide) in paragraph at lines 1072--1072
[]|$\OT1/cmr/m/n/8 1\OML/cmm/m/it/8 :\OT1/cmr/m/n/8 44$| 
 []


Overfull \hbox (0.72368pt too wide) in paragraph at lines 1072--1072
[]|$\OT1/cmr/m/n/8 0\OML/cmm/m/it/8 :\OT1/cmr/m/n/8 15$| 
 []


Overfull \hbox (0.72368pt too wide) in paragraph at lines 1072--1072
[]|$\OT1/cmr/m/n/8 0\OML/cmm/m/it/8 :\OT1/cmr/m/n/8 07$| 
 []


Overfull \hbox (0.72368pt too wide) in paragraph at lines 1072--1072
[]|$\OT1/cmr/m/n/8 0\OML/cmm/m/it/8 :\OT1/cmr/m/n/8 06$| 
 []


Overfull \hbox (0.72368pt too wide) in paragraph at lines 1072--1072
[]|$\OT1/cmr/m/n/8 0\OML/cmm/m/it/8 :\OT1/cmr/m/n/8 54$| 
 []


Overfull \hbox (0.72368pt too wide) in paragraph at lines 1072--1072
[]|$\OT1/cmr/m/n/8 0\OML/cmm/m/it/8 :\OT1/cmr/m/n/8 62$| 
 []


Overfull \hbox (0.72368pt too wide) in paragraph at lines 1072--1072
[]|$\OT1/cmr/m/n/8 0\OML/cmm/m/it/8 :\OT1/cmr/m/n/8 68$| 
 []


Overfull \hbox (0.72368pt too wide) in paragraph at lines 1072--1072
[]|$\OT1/cmr/m/n/8 2\OML/cmm/m/it/8 :\OT1/cmr/m/n/8 60$| 
 []


Overfull \hbox (0.72368pt too wide) in paragraph at lines 1072--1072
[]|$\OT1/cmr/m/n/8 0\OML/cmm/m/it/8 :\OT1/cmr/m/n/8 26$| 
 []


Overfull \hbox (0.72368pt too wide) in paragraph at lines 1072--1072
[]|$\OT1/cmr/m/n/8 0\OML/cmm/m/it/8 :\OT1/cmr/m/n/8 13$| 
 []


Overfull \hbox (0.72368pt too wide) in paragraph at lines 1072--1072
[]|$\OT1/cmr/m/n/8 0\OML/cmm/m/it/8 :\OT1/cmr/m/n/8 11$| 
 []


Overfull \hbox (0.72368pt too wide) in paragraph at lines 1072--1072
[]|$\OT1/cmr/m/n/8 0\OML/cmm/m/it/8 :\OT1/cmr/m/n/8 73$| 
 []


Overfull \hbox (0.72368pt too wide) in paragraph at lines 1072--1072
[]|$\OT1/cmr/m/n/8 0\OML/cmm/m/it/8 :\OT1/cmr/m/n/8 36$| 
 []


Overfull \hbox (0.72368pt too wide) in paragraph at lines 1072--1072
[]|$\OT1/cmr/m/n/8 0\OML/cmm/m/it/8 :\OT1/cmr/m/n/8 61$| 
 []


Overfull \hbox (0.72368pt too wide) in paragraph at lines 1072--1072
[]|$\OT1/cmr/m/n/8 1\OML/cmm/m/it/8 :\OT1/cmr/m/n/8 12$| 
 []


Overfull \hbox (0.72368pt too wide) in paragraph at lines 1072--1072
[]|$\OT1/cmr/m/n/8 0\OML/cmm/m/it/8 :\OT1/cmr/m/n/8 16$| 
 []


Overfull \hbox (0.72368pt too wide) in paragraph at lines 1072--1072
[]|$\OT1/cmr/m/n/8 0\OML/cmm/m/it/8 :\OT1/cmr/m/n/8 28$| 
 []


Overfull \hbox (0.72368pt too wide) in paragraph at lines 1072--1072
[]|$\OT1/cmr/m/n/8 0\OML/cmm/m/it/8 :\OT1/cmr/m/n/8 02$| 
 []


Overfull \hbox (0.72368pt too wide) in paragraph at lines 1072--1072
[]|$\OT1/cmr/m/n/8 0\OML/cmm/m/it/8 :\OT1/cmr/m/n/8 43$| 
 []


Overfull \hbox (0.72368pt too wide) in paragraph at lines 1072--1072
[]|$\OT1/cmr/m/n/8 0\OML/cmm/m/it/8 :\OT1/cmr/m/n/8 02$| 
 []


Overfull \hbox (0.72368pt too wide) in paragraph at lines 1072--1072
[]|$\OT1/cmr/m/n/8 0\OML/cmm/m/it/8 :\OT1/cmr/m/n/8 06$| 
 []


Overfull \hbox (0.72368pt too wide) in paragraph at lines 1072--1072
[]|$\OT1/cmr/m/n/8 0\OML/cmm/m/it/8 :\OT1/cmr/m/n/8 12$| 
 []


Overfull \hbox (0.72368pt too wide) in paragraph at lines 1072--1072
[]|$\OT1/cmr/m/n/8 0\OML/cmm/m/it/8 :\OT1/cmr/m/n/8 05$| 
 []


Overfull \hbox (0.72368pt too wide) in paragraph at lines 1072--1072
[]|$\OT1/cmr/m/n/8 0\OML/cmm/m/it/8 :\OT1/cmr/m/n/8 02$| 
 []


Overfull \hbox (0.72368pt too wide) in paragraph at lines 1072--1072
[]|$\OT1/cmr/m/n/8 0\OML/cmm/m/it/8 :\OT1/cmr/m/n/8 01$| 
 []


Overfull \hbox (0.72368pt too wide) in paragraph at lines 1072--1072
[]|$\OT1/cmr/m/n/8 0\OML/cmm/m/it/8 :\OT1/cmr/m/n/8 05$| 
 []


Overfull \hbox (0.72368pt too wide) in paragraph at lines 1072--1072
[]|$\OT1/cmr/m/n/8 0\OML/cmm/m/it/8 :\OT1/cmr/m/n/8 81$| 
 []


Overfull \hbox (0.72368pt too wide) in paragraph at lines 1072--1072
[]|$\OT1/cmr/m/n/8 0\OML/cmm/m/it/8 :\OT1/cmr/m/n/8 35$| 
 []


Overfull \hbox (0.72368pt too wide) in paragraph at lines 1072--1072
[]|$\OT1/cmr/m/n/8 1\OML/cmm/m/it/8 :\OT1/cmr/m/n/8 19$| 
 []


Overfull \hbox (0.72368pt too wide) in paragraph at lines 1072--1072
[]|$\OT1/cmr/m/n/8 0\OML/cmm/m/it/8 :\OT1/cmr/m/n/8 02$| 
 []


Overfull \hbox (0.72368pt too wide) in paragraph at lines 1072--1072
[]|$\OT1/cmr/m/n/8 0\OML/cmm/m/it/8 :\OT1/cmr/m/n/8 01$| 
 []


Overfull \hbox (0.72368pt too wide) in paragraph at lines 1072--1072
[]|$\OT1/cmr/m/n/8 0\OML/cmm/m/it/8 :\OT1/cmr/m/n/8 01$| 
 []


Overfull \hbox (0.72368pt too wide) in paragraph at lines 1072--1072
[]|$\OT1/cmr/m/n/8 0\OML/cmm/m/it/8 :\OT1/cmr/m/n/8 40$| 
 []


Overfull \hbox (16.59021pt too wide) in paragraph at lines 1076--1076
[]\OT1/cmr/bx/n/14.4 Validating the in-ten-sity and di-rec-tion of pre-dicted c
hanges 
 []

[40

]
Overfull \hbox (2.96198pt too wide) in paragraph at lines 1145--1145
[]\OT1/cmr/bx/n/14.4 Case study: agri-cul-tural ex-pan-sion in the Ama-zon Basi
n 
 []


Underfull \vbox (badness 10000) has occurred while \output is active []

 [41]
<chapters/figures/chapter3/fig2.pdf, id=495, 223.83624pt x 216.81pt>
File: chapters/figures/chapter3/fig2.pdf Graphic file (type pdf)
<use chapters/figures/chapter3/fig2.pdf>
Package pdftex.def Info: chapters/figures/chapter3/fig2.pdf  used on input line
 1154.
(pdftex.def)             Requested size: 224.75974pt x 217.7093pt.

[42 <./chapters/figures/chapter3/fig2.pdf>]
<chapters/figures/chapter3/fig3.pdf, id=504, 312.16624pt x 325.215pt>
File: chapters/figures/chapter3/fig3.pdf Graphic file (type pdf)
<use chapters/figures/chapter3/fig3.pdf>
Package pdftex.def Info: chapters/figures/chapter3/fig3.pdf  used on input line
 1212.
(pdftex.def)             Requested size: 312.92923pt x 326.0181pt.


LaTeX Warning: Float too large for page by 4.76266pt on input line 1215.

[43] [44] [45 <./chapters/figures/chapter3/fig3.pdf>]
<chapters/figures/chapter3/fig4.pdf, id=520, 312.16624pt x 433.62pt>
File: chapters/figures/chapter3/fig4.pdf Graphic file (type pdf)
<use chapters/figures/chapter3/fig4.pdf>
Package pdftex.def Info: chapters/figures/chapter3/fig4.pdf  used on input line
 1267.
(pdftex.def)             Requested size: 312.92923pt x 434.69081pt.
 [46

] [47 <./chapters/figures/chapter3/fig4.pdf>] [48

]
Underfull \vbox (badness 2318) has occurred while \output is active []

 [49]
[50]
Chapter 4.
[51

] [52] [53]
Underfull \vbox (badness 10000) has occurred while \output is active []

 [54]
Overfull \hbox (5.26744pt too wide) in paragraph at lines 1477--1478
[]\OT1/cmr/m/n/12 Second, we ap-plied our own frac-tional land-use model FLUTES
 (Chap-ter 3, Kapitza,
 []

<chapters/figures/chapter4/fig_comparison.pdf, id=555, 255.95625pt x 128.48pt>
File: chapters/figures/chapter4/fig_comparison.pdf Graphic file (type pdf)
<use chapters/figures/chapter4/fig_comparison.pdf>
Package pdftex.def Info: chapters/figures/chapter4/fig_comparison.pdf  used on 
input line 1485.
(pdftex.def)             Requested size: 255.95561pt x 128.47968pt.
[55]

LaTeX Warning: No positions in optional float specifier.
               Default added (so using `tbp') on input line 1495.

[56 <./chapters/figures/chapter4/fig_comparison.pdf>] [57] [58] [59

] [60]
[61]

Package amsmath Warning: Cannot use `split' here;
(amsmath)                trying to recover with `aligned' on input line 1607.

[62] [63]
Overfull \hbox (2.04793pt too wide) in paragraph at lines 1639--1640
[]\OT1/cmr/m/n/12 To en-sure com-pat-i-bil-ity with pre-vi-ous work, we fol-low
ed steps out-lined in De Palma,
 []


Underfull \vbox (badness 10000) has occurred while \output is active []

 [64]
[65]
<chapters/figures/chapter4/fig_biodiv.pdf, id=603, 312.16624pt x 578.16pt>
File: chapters/figures/chapter4/fig_biodiv.pdf Graphic file (type pdf)
<use chapters/figures/chapter4/fig_biodiv.pdf>
Package pdftex.def Info: chapters/figures/chapter4/fig_biodiv.pdf  used on inpu
t line 1680.
(pdftex.def)             Requested size: 312.16548pt x 578.15858pt.
 [66] [67 <./chapters/figures/chapter4/fig_biodiv.pdf>]
<chapters/figures/chapter4/fig_biodivbyclass.pdf, id=618, 312.16624pt x 234.877
5pt>
File: chapters/figures/chapter4/fig_biodivbyclass.pdf Graphic file (type pdf)
<use chapters/figures/chapter4/fig_biodivbyclass.pdf>
Package pdftex.def Info: chapters/figures/chapter4/fig_biodivbyclass.pdf  used 
on input line 1690.
(pdftex.def)             Requested size: 312.16548pt x 234.87692pt.
 [68

 <./chapters/figures/chapter4/fig_biodivbyclass.pdf>]
<chapters/figures/chapter4/fig_biigtap.pdf, id=627, 433.62pt x 237.88875pt>
File: chapters/figures/chapter4/fig_biigtap.pdf Graphic file (type pdf)
<use chapters/figures/chapter4/fig_biigtap.pdf>
Package pdftex.def Info: chapters/figures/chapter4/fig_biigtap.pdf  used on inp
ut line 1702.
(pdftex.def)             Requested size: 433.61894pt x 237.88815pt.
 [69 <./chapters/figures/chapter4/fig_biigtap.pdf>]
<chapters/figures/chapter4/fig_gtap.pdf, id=642, 334.24875pt x 361.35pt>
File: chapters/figures/chapter4/fig_gtap.pdf Graphic file (type pdf)
<use chapters/figures/chapter4/fig_gtap.pdf>
Package pdftex.def Info: chapters/figures/chapter4/fig_gtap.pdf  used on input 
line 1713.
(pdftex.def)             Requested size: 334.24792pt x 361.34912pt.
 [70 <./chapters/figures/chapter4/fig_gtap.pdf>]
<chapters/figures/chapter4/fig_landusecomp.pdf, id=652, 433.62pt x 433.62pt>
File: chapters/figures/chapter4/fig_landusecomp.pdf Graphic file (type pdf)
<use chapters/figures/chapter4/fig_landusecomp.pdf>
Package pdftex.def Info: chapters/figures/chapter4/fig_landusecomp.pdf  used on
 input line 1728.
(pdftex.def)             Requested size: 433.61894pt x 433.61894pt.
<chapters/figures/chapter4/fig_landusemaps.pdf, id=653, 433.62pt x 519.9425pt>
File: chapters/figures/chapter4/fig_landusemaps.pdf Graphic file (type pdf)
<use chapters/figures/chapter4/fig_landusemaps.pdf>
Package pdftex.def Info: chapters/figures/chapter4/fig_landusemaps.pdf  used on
 input line 1736.
(pdftex.def)             Requested size: 433.61894pt x 519.94124pt.
 [71] [72 <./chapters/figures/chapter4/fig_landusecomp.pdf>] [73 <./chapters/fi
gures/chapter4/fig_landusemaps.pdf>]
Overfull \hbox (5.46033pt too wide) in paragraph at lines 1744--1744
[]\OT1/cmr/bx/n/14.4 Model choice strongly af-fects bio-di-ver-sity in-tact-nes
s pre-
 []

[74

] [75]
Underfull \vbox (badness 10000) has occurred while \output is active []

 [76]
Overfull \hbox (1.5257pt too wide) in paragraph at lines 1767--1768
\OT1/cmr/m/n/12 Interdisciplinary as-sess-ment frame-works com-bin-ing meth-ods
 across dis-ci-plinary bound-
 []

[77] [78] [79] [80

]
Chapter 5.
[81]
<chapters/figures/chapter5/fig1.pdf, id=699, 398.48875pt x 198.7425pt>
File: chapters/figures/chapter5/fig1.pdf Graphic file (type pdf)
<use chapters/figures/chapter5/fig1.pdf>
Package pdftex.def Info: chapters/figures/chapter5/fig1.pdf  used on input line
 1794.
(pdftex.def)             Requested size: 398.48778pt x 198.742pt.

Underfull \vbox (badness 10000) has occurred while \output is active []

 [82 <./chapters/figures/chapter5/fig1.pdf>] [83] [84]
Underfull \vbox (badness 10000) has occurred while \output is active []

 [85]
[86]
Underfull \vbox (badness 10000) has occurred while \output is active []

 [87]
[88]
Underfull \vbox (badness 1107) has occurred while \output is active []

 [89]
[90] (./thesis.bbl [91




] [92]
Underfull \hbox (badness 10000) in paragraph at lines 209--212
[]\OT1/cmr/m/n/12 De Palma, A., Sanchez-Ortiz, K. & Purvis, A. (2019) Cal-cu-la
t-ing
 []


Underfull \hbox (badness 10000) in paragraph at lines 209--212
\OT1/cmr/m/n/12 the bio-di-ver-sity in-tact-ness in-dex: The PRE-DICTS im-ple-m
en-ta-tion.
 []

[93] [94] [95] [96] [97]
Underfull \vbox (badness 10000) has occurred while \output is active []

 [98]
[99] [100]
Underfull \hbox (badness 2221) in paragraph at lines 847--849
[]\OT1/cmr/m/n/12 IUCN (2018) The IUCN Red List of Threat-ened Species. Ver-sio
n 2018-2.
 []


Underfull \hbox (badness 3229) in paragraph at lines 851--854
[]\OT1/cmr/m/n/12 IUCN & UNEP-WCMC (2014) The World Database on Pro-tected Ar-e
as
 []


Underfull \hbox (badness 3713) in paragraph at lines 851--854
\OT1/cmr/m/n/12 (WDPA). UNEP World Con-ser-va-tion Mon-i-tor-ing Cen-tre. Cam-b
ridge, UK.
 []

[101] [102] [103] [104] [105] [106]
Underfull \hbox (badness 8000) in paragraph at lines 1327--1330
[]\OT1/cmr/m/n/12 Phillips, S.J., Dud^^Pk, M. & Schapire, R.E. (2018) [In-ter-n
et] Max-ent
 []


Underfull \hbox (badness 7540) in paragraph at lines 1327--1330
\OT1/cmr/m/n/12 soft-ware for mod-el-ing species niches and dis-tri-bu-tions (V
er-sion 3.3.3k).
 []

[107] [108] [109] [110] [111] [112] [113]
Underfull \hbox (badness 10000) in paragraph at lines 1867--1869
[]\OT1/cmr/m/n/12 World Bank Group (2016) Pop-u-la-tion Es-ti-mates and Pro-jec
-tions.
 []

[114]) [115] [116


] [117




]

LaTeX Warning: Float too large for page by 29.15527pt on input line 1956.

<chapters/figures/chapter2/supfig1.pdf, id=834, 469.755pt x 483.8075pt>
File: chapters/figures/chapter2/supfig1.pdf Graphic file (type pdf)
<use chapters/figures/chapter2/supfig1.pdf>
Package pdftex.def Info: chapters/figures/chapter2/supfig1.pdf  used on input l
ine 1962.
(pdftex.def)             Requested size: 436.80586pt x 449.86989pt.
<chapters/figures/chapter2/supfig2.pdf, id=835, 469.755pt x 299.1175pt>
File: chapters/figures/chapter2/supfig2.pdf Graphic file (type pdf)
<use chapters/figures/chapter2/supfig2.pdf>
Package pdftex.def Info: chapters/figures/chapter2/supfig2.pdf  used on input l
ine 1969.
(pdftex.def)             Requested size: 436.80586pt x 278.13531pt.

Underfull \hbox (badness 10000) in alignment at lines 2014--2014
[][][][] 
 []

<chapters/figures/chapter2/supfig3a.pdf, id=836, 469.755pt x 491.8375pt>
File: chapters/figures/chapter2/supfig3a.pdf Graphic file (type pdf)
<use chapters/figures/chapter2/supfig3a.pdf>
Package pdftex.def Info: chapters/figures/chapter2/supfig3a.pdf  used on input 
line 2019.
(pdftex.def)             Requested size: 436.80586pt x 457.3366pt.
<chapters/figures/chapter2/supfig3b.pdf, id=837, 469.755pt x 491.8375pt>
File: chapters/figures/chapter2/supfig3b.pdf Graphic file (type pdf)
<use chapters/figures/chapter2/supfig3b.pdf>
Package pdftex.def Info: chapters/figures/chapter2/supfig3b.pdf  used on input 
line 2027.
(pdftex.def)             Requested size: 436.80586pt x 457.3366pt.

Underfull \hbox (badness 10000) in alignment at lines 2044--2044
[][][][][][][] 
 []

[118] [119 <./chapters/figures/chapter2/supfig1.pdf>] [120 <./chapters/figures/
chapter2/supfig2.pdf>] [121] [122 <./chapters/figures/chapter2/supfig3a.pdf>]
[123 <./chapters/figures/chapter2/supfig3b.pdf>] [124

] [125] [126

]
<chapters/figures/chapter4/fig_regionmap.pdf, id=941, 433.62pt x 505.89pt>
File: chapters/figures/chapter4/fig_regionmap.pdf Graphic file (type pdf)
<use chapters/figures/chapter4/fig_regionmap.pdf>
Package pdftex.def Info: chapters/figures/chapter4/fig_regionmap.pdf  used on i
nput line 2097.
(pdftex.def)             Requested size: 436.80586pt x 509.63258pt.

Underfull \hbox (badness 10000) in alignment at lines 2142--2142
[][][][][][][][][] 
 []

[127] [128] [129 <./chapters/figures/chapter4/fig_regionmap.pdf>] [130]
[131]
Overfull \hbox (5.57661pt too wide) in paragraph at lines 2191--2191
[] [] 
 []


Overfull \hbox (11.15323pt too wide) in paragraph at lines 2226--2227
 [][] 
 []


LaTeX Warning: Float too large for page by 27.40562pt on input line 2227.

[132]
Overfull \hbox (1.90102pt too wide) in paragraph at lines 2272--2272
[]|\OT1/cmr/m/n/8 urban|  
 []

<chapters/figures/chapter4/fig_bdeffects.pdf, id=967, 433.62pt x 397.485pt>
File: chapters/figures/chapter4/fig_bdeffects.pdf Graphic file (type pdf)
<use chapters/figures/chapter4/fig_bdeffects.pdf>
Package pdftex.def Info: chapters/figures/chapter4/fig_bdeffects.pdf  used on i
nput line 2279.
(pdftex.def)             Requested size: 433.61894pt x 397.48402pt.
<chapters/figures/chapter4/fig_landuseeffects.pdf, id=968, 433.62pt x 433.62pt>

File: chapters/figures/chapter4/fig_landuseeffects.pdf Graphic file (type pdf)
<use chapters/figures/chapter4/fig_landuseeffects.pdf>
Package pdftex.def Info: chapters/figures/chapter4/fig_landuseeffects.pdf  used
 on input line 2286.
(pdftex.def)             Requested size: 433.61894pt x 433.61894pt.
[133


] [134 <./chapters/figures/chapter4/fig_bdeffects.pdf>] [135 <./chapters/figure
s/chapter4/fig_landuseeffects.pdf>] [136

] [137] [138]
Underfull \hbox (badness 10000) in paragraph at lines 2345--2347

 []

LaTeX Font Info:    Font shape `OT1/cmtt/bx/n' in size <17.28> not available
(Font)              Font shape `OT1/cmtt/m/n' tried instead on input line 2403.


Underfull \vbox (badness 1147) has occurred while \output is active []

 [139]

Package natbib Warning: There were undefined citations.


Package caption Warning: Unused \captionsetup[sub] on input line 112.
See the caption package documentation for explanation.

[140] (./thesis.aux) ) 
Here is how much of TeX's memory you used:
 13257 strings out of 480471
 223754 string characters out of 5899395
 544908 words of memory out of 5000000
 29002 multiletter control sequences out of 15000+600000
 550385 words of font info for 78 fonts, out of 8000000 for 9000
 1141 hyphenation exceptions out of 8191
 47i,18n,68p,5221b,811s stack positions out of 5000i,500n,10000p,200000b,80000s
{/usr/local/texlive/2020/texmf-dist/fonts/enc/dvips/base/
8r.enc}{/usr/local/texlive/2020/texmf-dist/fonts/enc/dvips/cm-super/cm-super-ts
1.enc}</usr/local/texlive/2020/texmf-dist/fonts/type1/public/amsfonts/cm/cmbx12
.pfb></usr/local/texlive/2020/texmf-dist/fonts/type1/public/amsfonts/cm/cmbx8.p
fb></usr/local/texlive/2020/texmf-dist/fonts/type1/public/amsfonts/cm/cmcsc10.p
fb></usr/local/texlive/2020/texmf-dist/fonts/type1/public/amsfonts/cm/cmex10.pf
b></usr/local/texlive/2020/texmf-dist/fonts/type1/public/amsfonts/cmextra/cmex8
.pfb></usr/local/texlive/2020/texmf-dist/fonts/type1/public/amsfonts/cm/cmmi10.
pfb></usr/local/texlive/2020/texmf-dist/fonts/type1/public/amsfonts/cm/cmmi12.p
fb></usr/local/texlive/2020/texmf-dist/fonts/type1/public/amsfonts/cm/cmmi6.pfb
></usr/local/texlive/2020/texmf-dist/fonts/type1/public/amsfonts/cm/cmmi8.pfb><
/usr/local/texlive/2020/texmf-dist/fonts/type1/public/amsfonts/cm/cmr10.pfb></u
sr/local/texlive/2020/texmf-dist/fonts/type1/public/amsfonts/cm/cmr12.pfb></usr
/local/texlive/2020/texmf-dist/fonts/type1/public/amsfonts/cm/cmr17.pfb></usr/l
ocal/texlive/2020/texmf-dist/fonts/type1/public/amsfonts/cm/cmr6.pfb></usr/loca
l/texlive/2020/texmf-dist/fonts/type1/public/amsfonts/cm/cmr8.pfb></usr/local/t
exlive/2020/texmf-dist/fonts/type1/public/amsfonts/cm/cmsy10.pfb></usr/local/te
xlive/2020/texmf-dist/fonts/type1/public/amsfonts/cm/cmsy6.pfb></usr/local/texl
ive/2020/texmf-dist/fonts/type1/public/amsfonts/cm/cmsy8.pfb></usr/local/texliv
e/2020/texmf-dist/fonts/type1/public/amsfonts/cm/cmti10.pfb></usr/local/texlive
/2020/texmf-dist/fonts/type1/public/amsfonts/cm/cmti12.pfb></usr/local/texlive/
2020/texmf-dist/fonts/type1/public/amsfonts/cm/cmti8.pfb></usr/local/texlive/20
20/texmf-dist/fonts/type1/public/amsfonts/cm/cmtt10.pfb></usr/local/texlive/202
0/texmf-dist/fonts/type1/public/amsfonts/cm/cmtt12.pfb></usr/local/texlive/2020
/texmf-dist/fonts/type1/public/amsfonts/cm/cmtt8.pfb></usr/local/texlive/2020/t
exmf-dist/fonts/type1/public/amsfonts/symbols/msam10.pfb></usr/local/texlive/20
20/texmf-dist/fonts/type1/public/cm-super/sfrm1200.pfb></usr/local/texlive/2020
/texmf-dist/fonts/type1/urw/times/utmb8a.pfb>
Output written on thesis.pdf (162 pages, 4995278 bytes).
PDF statistics:
 1094 PDF objects out of 1200 (max. 8388607)
 646 compressed objects within 7 object streams
 0 named destinations out of 1000 (max. 500000)
 132 words of extra memory for PDF output out of 10000 (max. 10000000)

